2025-03-21 12:18:55 PM	This log contains information about the import schema operation into project 'EMBC_Alight' on computer 'BCSAG10-AGCTR3' by user 'tdoerkse'.
2025-03-21 12:18:55 PM	Import of database schema has started.
2025-03-21 12:18:56 PM	Gathering database credentials
2025-03-21 12:18:56 PM	Gathering database options
2025-03-21 12:18:56 PM	Gathering generic database scoped configuration option
2025-03-21 12:18:56 PM	Gathering users
2025-03-21 12:18:56 PM	Gathering roles
2025-03-21 12:18:56 PM	Gathering application roles
2025-03-21 12:18:56 PM	Gathering role memberships
2025-03-21 12:18:56 PM	Gathering filegroups
2025-03-21 12:18:56 PM	Gathering full-text catalogs
2025-03-21 12:18:56 PM	Gathering assemblies
2025-03-21 12:18:56 PM	Gathering certificates
2025-03-21 12:18:56 PM	Gathering asymmetric keys
2025-03-21 12:18:56 PM	Gathering symmetric keys
2025-03-21 12:18:56 PM	Gathering encrypted symmetric keys
2025-03-21 12:18:56 PM	Gathering schemas
2025-03-21 12:18:56 PM	Gathering XML schema collections
2025-03-21 12:18:56 PM	Gathering user-defined data types
2025-03-21 12:18:56 PM	Gathering user-defined types
2025-03-21 12:18:56 PM	Gathering table types
2025-03-21 12:18:56 PM	Gathering unique keys for table types
2025-03-21 12:18:56 PM	Gathering primary keys for table types
2025-03-21 12:18:56 PM	Gathering indexes for table types
2025-03-21 12:18:56 PM	Gathering check constraints for table types
2025-03-21 12:18:56 PM	Gathering default constraints for table types
2025-03-21 12:18:56 PM	Gathering partition functions
2025-03-21 12:18:56 PM	Gathering partition schemes
2025-03-21 12:18:56 PM	Gathering functions
2025-03-21 12:18:56 PM	Gathering encrypted functions
2025-03-21 12:18:56 PM	Gathering aggregates
2025-03-21 12:18:56 PM	Gathering procedures
2025-03-21 12:18:57 PM	Gathering encrypted procedures
2025-03-21 12:18:57 PM	Gathering tables
2025-03-21 12:18:59 PM	Gathering primary keys
2025-03-21 12:18:59 PM	Gathering unique constraints
2025-03-21 12:18:59 PM	Gathering foreign keys
2025-03-21 12:18:59 PM	Gathering default constraints
2025-03-21 12:18:59 PM	Gathering check constraints
2025-03-21 12:18:59 PM	Gathering views
2025-03-21 12:19:00 PM	Gathering encrypted views
2025-03-21 12:19:00 PM	Gathering indexes
2025-03-21 12:19:00 PM	Gathering statistics
2025-03-21 12:19:00 PM	Gathering full-text index stoplists
2025-03-21 12:19:00 PM	Gathering search property lists
2025-03-21 12:19:00 PM	Gathering search properties
2025-03-21 12:19:00 PM	Gathering full-text indexes
2025-03-21 12:19:00 PM	Gathering column store indexes
2025-03-21 12:19:00 PM	Gathering spatial indexes
2025-03-21 12:19:00 PM	Gathering XML indexes
2025-03-21 12:19:00 PM	Gathering Selective XML indexes
2025-03-21 12:19:00 PM	Gathering encrypted triggers
2025-03-21 12:19:00 PM	Gathering triggers
2025-03-21 12:19:00 PM	Gathering encrypted and clr ddl triggers
2025-03-21 12:19:00 PM	Gathering ddl triggers
2025-03-21 12:19:00 PM	Gathering synonyms
2025-03-21 12:19:00 PM	Gathering defaults
2025-03-21 12:19:00 PM	Gathering data constraint uddt bindings
2025-03-21 12:19:00 PM	Gathering rules
2025-03-21 12:19:00 PM	Gathering data constraint uddt bindings
2025-03-21 12:19:00 PM	Gathering message types
2025-03-21 12:19:00 PM	Gathering queues
2025-03-21 12:19:00 PM	Gathering contracts
2025-03-21 12:19:00 PM	Gathering services
2025-03-21 12:19:00 PM	Gathering event notifications
2025-03-21 12:19:00 PM	Gathering remote service bindings
2025-03-21 12:19:00 PM	Gathering broker priorities
2025-03-21 12:19:00 PM	Gathering signatures
2025-03-21 12:19:00 PM	Gathering data compression options
2025-03-21 12:19:00 PM	Gathering sequence types
2025-03-21 12:19:00 PM	Gathering security policies
2025-03-21 12:19:00 PM	Gather column encryption keys
2025-03-21 12:19:00 PM	Gathering column master keys
2025-03-21 12:19:00 PM	Gathering external data sources
2025-03-21 12:19:00 PM	Gathering external file formats
2025-03-21 12:19:00 PM	Gathering external tables
2025-03-21 12:19:00 PM	Gathering extended properties
2025-03-21 12:19:05 PM	Gathering credentials
2025-03-21 12:19:05 PM	Gathering logins
2025-03-21 12:19:05 PM	Gathering server audits
2025-03-21 12:19:10 PM	Scanning project for duplicate elements
2025-03-21 12:19:11 PM	Finished duplicate element processing
2025-03-21 12:19:43 PM	Finished importing database.
2025-03-21 12:19:43 PM	A summary of the import was saved to the following location: \\sfp.idir.bcgov\s121\S21004\EMCR_VicHQ_DSB_Quartech\EMBC_NTT_Latest\EMBC_DB\EMBC_Alight\EMBC_Alight\Import Schema Logs\EMBC_Alight_20250321071855.log
2025-03-21 12:19:43 PM	Click Finish to continue...
